<?xml version="1.0" encoding="UTF-8"?>
<!-- Generated by org.testng.reporters.JUnitReportReporter -->
<testsuite hostname="DESKTOP-Q1LI5GB" failures="0" tests="1" name="selenium_new.Practice2Test" time="0.011" errors="0" timestamp="2022-07-18T15:57:41 IST" skipped="0">
  <testcase classname="selenium_new.Practice2Test" name="demo" time="0.011"/>
  <system-out/>
</testsuite> <!-- selenium_new.Practice2Test -->
